<?xml version="1.0" encoding="UTF-8"?>
<!-- Generated by org.testng.reporters.JUnitXMLReporter -->
<testsuite ignored="0" hostname="Darsh-PC" failures="0" tests="4" name="Default test" time="0.09" errors="0" timestamp="2022-02-07T15:33:49 EST">
  <testcase classname="Assignment.Assignment1" name="testFour" time="0.015"/>
  <testcase classname="Assignment.Assignment1" name="testOne" time="0.007"/>
  <testcase classname="Assignment.Assignment1" name="testThree" time="0.002"/>
  <testcase classname="Assignment.Assignment1" name="testTwo" time="0.004"/>
</testsuite> <!-- Default test -->
