<?xml version="1.0" encoding="UTF-8"?>
<testng-results ignored="1" total="4" passed="3" failed="0" skipped="0">
  <reporter-output>
  </reporter-output>
  <suite started-at="2022-02-07T15:41:13 EST" name="FirstProject" finished-at="2022-02-07T15:41:13 EST" duration-ms="83">
    <groups>
      <group name="groupingMethods2">
        <method signature="Assignment1.testThree()[pri:0, instance:Assignment.Assignment1@70be0a2b]" name="testThree" class="Assignment.Assignment1"/>
      </group> <!-- groupingMethods2 -->
    </groups>
    <test started-at="2022-02-07T15:41:13 EST" name="tab testing" finished-at="2022-02-07T15:41:13 EST" duration-ms="83">
      <class name="Assignment.Assignment1">
        <test-method signature="testFour()[pri:0, instance:Assignment.Assignment1@70be0a2b]" started-at="2022-02-07T15:41:13 EST" name="testFour" finished-at="2022-02-07T15:41:13 EST" duration-ms="13" status="PASS">
          <reporter-output>
          </reporter-output>
        </test-method> <!-- testFour -->
        <test-method signature="testOne()[pri:0, instance:Assignment.Assignment1@70be0a2b]" started-at="2022-02-07T15:41:13 EST" name="testOne" finished-at="2022-02-07T15:41:13 EST" duration-ms="3" status="PASS">
          <reporter-output>
          </reporter-output>
        </test-method> <!-- testOne -->
        <test-method signature="testThree()[pri:0, instance:Assignment.Assignment1@70be0a2b]" started-at="2022-02-07T15:41:13 EST" name="testThree" finished-at="2022-02-07T15:41:13 EST" duration-ms="2" status="PASS">
          <reporter-output>
          </reporter-output>
        </test-method> <!-- testThree -->
      </class> <!-- Assignment.Assignment1 -->
    </test> <!-- tab testing -->
  </suite> <!-- FirstProject -->
</testng-results>
