<?xml version="1.0" encoding="UTF-8"?>
<!-- Generated by org.testng.reporters.JUnitXMLReporter -->
<testsuite ignored="1" hostname="Darsh-PC" failures="0" tests="3" name="tab testing" time="0.083" errors="0" timestamp="2022-02-07T15:41:13 EST">
  <testcase classname="Assignment.Assignment1" name="testFour" time="0.013"/>
  <testcase classname="Assignment.Assignment1" name="testOne" time="0.003"/>
  <testcase classname="Assignment.Assignment1" name="testThree" time="0.002"/>
  <testcase classname="Assignment.Assignment1" name="testTwo" time="0.0">
    <ignored/>
  </testcase> <!-- testTwo -->
</testsuite> <!-- tab testing -->
